[2024-02-23 15:44:08] [ INFO ] [OdontologoDaoMemoria:23] Odontologo guardado: Odontologo{id=1, matricula=256418, nombre='Harry', apellido='Styles'}
[2024-02-23 15:44:08] [ INFO ] [OdontologoDaoH2:88] Odontologos encontrados: [Odontologo{id=1, matricula=158796, nombre='Juancito', apellido='Perez'}, Odontologo{id=2, matricula=257836, nombre='Pepito', apellido='Gonzalez'}, Odontologo{id=3, matricula=12582545, nombre='Fito', apellido='Paez'}]
[2024-02-23 15:44:09] [ INFO ] [OdontologoDaoMemoria:31] Todos los odontologos: [Odontologo{id=0, matricula=87858, nombre='ValGiu', apellido='HerSal'}]
[2024-02-23 15:44:09] [ INFO ] [OdontologoDaoH2:43] Odontologo guardado: Odontologo{id=4, matricula=12582545, nombre='Fito', apellido='Paez'}
[2024-02-23 15:46:07] [ INFO ] [OdontologoDaoMemoria:23] Odontologo guardado: Odontologo{id=1, matricula=256418, nombre='Harry', apellido='Styles'}
[2024-02-23 15:46:08] [ INFO ] [OdontologoDaoH2:88] Odontologos encontrados: [Odontologo{id=1, matricula=158796, nombre='Juancito', apellido='Perez'}, Odontologo{id=2, matricula=257836, nombre='Pepito', apellido='Gonzalez'}]
[2024-02-23 15:46:08] [ INFO ] [OdontologoDaoMemoria:31] Todos los odontologos: [Odontologo{id=0, matricula=87858, nombre='ValGiu', apellido='HerSal'}]
[2024-02-23 15:46:08] [ INFO ] [OdontologoDaoH2:43] Odontologo guardado: Odontologo{id=3, matricula=12582545, nombre='Fito', apellido='Paez'}
[2024-02-23 15:48:10] [ INFO ] [OdontologoDaoMemoria:23] Odontologo guardado: Odontologo{id=1, matricula=256418, nombre='Harry', apellido='Styles'}
[2024-02-23 15:48:11] [ INFO ] [OdontologoDaoH2:88] Odontologos encontrados: [Odontologo{id=1, matricula=158796, nombre='Juancito', apellido='Perez'}, Odontologo{id=2, matricula=257836, nombre='Pepito', apellido='Gonzalez'}]
[2024-02-23 15:48:11] [ INFO ] [OdontologoDaoMemoria:31] Todos los odontologos: [Odontologo{id=0, matricula=87858, nombre='ValGiu', apellido='HerSal'}]
[2024-02-23 15:48:11] [ INFO ] [OdontologoDaoH2:43] Odontologo guardado: Odontologo{id=3, matricula=12582545, nombre='Fito', apellido='Paez'}
[2024-02-23 15:49:59] [ INFO ] [OdontologoDaoH2:88] Odontologos encontrados: [Odontologo{id=1, matricula=158796, nombre='Juancito', apellido='Perez'}, Odontologo{id=2, matricula=257836, nombre='Pepito', apellido='Gonzalez'}, Odontologo{id=3, matricula=12582545, nombre='Fito', apellido='Paez'}]
[2024-02-23 15:49:59] [ INFO ] [OdontologoDaoMemoria:31] Todos los odontologos: [Odontologo{id=0, matricula=87858, nombre='ValGiu', apellido='HerSal'}]
[2024-02-23 15:51:01] [ INFO ] [OdontologoDaoH2:88] Odontologos encontrados: [Odontologo{id=1, matricula=158796, nombre='Juancito', apellido='Perez'}, Odontologo{id=2, matricula=257836, nombre='Pepito', apellido='Gonzalez'}]
[2024-02-23 15:51:01] [ INFO ] [OdontologoDaoMemoria:31] Todos los odontologos: [Odontologo{id=0, matricula=87858, nombre='ValGiu', apellido='HerSal'}]
[2024-02-23 15:51:08] [ INFO ] [OdontologoDaoH2:88] Odontologos encontrados: [Odontologo{id=1, matricula=158796, nombre='Juancito', apellido='Perez'}, Odontologo{id=2, matricula=257836, nombre='Pepito', apellido='Gonzalez'}]
[2024-02-23 15:51:08] [ INFO ] [OdontologoDaoMemoria:31] Todos los odontologos: [Odontologo{id=0, matricula=87858, nombre='ValGiu', apellido='HerSal'}]
[2024-02-23 15:51:15] [ INFO ] [OdontologoDaoH2:88] Odontologos encontrados: [Odontologo{id=1, matricula=158796, nombre='Juancito', apellido='Perez'}, Odontologo{id=2, matricula=257836, nombre='Pepito', apellido='Gonzalez'}]
[2024-02-23 15:51:15] [ INFO ] [OdontologoDaoMemoria:31] Todos los odontologos: [Odontologo{id=0, matricula=87858, nombre='ValGiu', apellido='HerSal'}]
